<?xml version="1.0" encoding="UTF-8"?>
<!-- Generated by org.testng.reporters.JUnitXMLReporter -->
<testsuite hostname="Mukul_Desk" ignored="0" name="Default test" tests="5" failures="0" timestamp="09 Apr 2019 11:57:31 GMT" time="73.977" errors="0">
  <testcase name="testRoleCreate" time="13.393" classname="com.create.testscript.CreateRoleTestscript"/>
  <testcase name="testRoleCreate" time="12.646" classname="com.create.testscript.CreateRoleTestscript"/>
  <testcase name="testRoleCreate" time="12.908" classname="com.create.testscript.CreateRoleTestscript"/>
  <testcase name="testRoleCreate" time="12.74" classname="com.create.testscript.CreateRoleTestscript"/>
  <testcase name="testRoleCreate" time="12.602" classname="com.create.testscript.CreateRoleTestscript"/>
</testsuite> <!-- Default test -->
