<?xml version="1.0" encoding="UTF-8"?>
<testng-results skipped="0" failed="1" ignored="0" total="1" passed="0">
  <reporter-output>
  </reporter-output>
  <suite name="Default suite" duration-ms="28261" started-at="2019-04-03T11:36:00Z" finished-at="2019-04-03T11:36:28Z">
    <groups>
    </groups>
    <test name="Default test" duration-ms="28261" started-at="2019-04-03T11:36:00Z" finished-at="2019-04-03T11:36:28Z">
      <class name="com.qa.datc.testscript.CreateGroupRoleTest">
        <test-method status="PASS" signature="init()[pri:0, instance:com.qa.datc.testscript.CreateGroupRoleTest@610694f1]" name="init" is-config="true" duration-ms="321" started-at="2019-04-03T17:05:59Z" finished-at="2019-04-03T17:06:00Z">
          <reporter-output>
          </reporter-output>
        </test-method> <!-- init -->
        <test-method status="PASS" signature="initGlobalVar()[pri:0, instance:com.qa.datc.testscript.CreateGroupRoleTest@610694f1]" name="initGlobalVar" is-config="true" duration-ms="1" started-at="2019-04-03T17:06:00Z" finished-at="2019-04-03T17:06:00Z">
          <reporter-output>
          </reporter-output>
        </test-method> <!-- initGlobalVar -->
        <test-method status="PASS" signature="initApplication(java.lang.String)[pri:0, instance:com.qa.datc.testscript.CreateGroupRoleTest@610694f1]" name="initApplication" is-config="true" duration-ms="4513" started-at="2019-04-03T17:06:00Z" finished-at="2019-04-03T17:06:04Z">
          <params>
            <param index="0">
              <value>
                <![CDATA[chrome]]>
              </value>
            </param>
          </params>
          <reporter-output>
          </reporter-output>
        </test-method> <!-- initApplication -->
        <test-method status="PASS" signature="preCondtion(java.lang.reflect.Method)[pri:0, instance:com.qa.datc.testscript.CreateGroupRoleTest@610694f1]" name="preCondtion" is-config="true" duration-ms="2624" started-at="2019-04-03T17:06:04Z" finished-at="2019-04-03T17:06:07Z">
          <params>
            <param index="0">
              <value>
                <![CDATA[public void com.qa.datc.testscript.CreateGroupRoleTest.testgrouprole() throws java.lang.InterruptedException,java.sql.SQLException]]>
              </value>
            </param>
          </params>
          <reporter-output>
          </reporter-output>
        </test-method> <!-- preCondtion -->
        <test-method status="FAIL" signature="testgrouprole()[pri:0, instance:com.qa.datc.testscript.CreateGroupRoleTest@610694f1]" name="testgrouprole" duration-ms="18558" started-at="2019-04-03T17:06:07Z" finished-at="2019-04-03T17:06:25Z">
          <exception class="org.postgresql.util.PSQLException">
            <message>
              <![CDATA[The column name group_role_nam was not found in this ResultSet.]]>
            </message>
            <full-stacktrace>
              <![CDATA[org.postgresql.util.PSQLException: The column name group_role_nam was not found in this ResultSet.
	at org.postgresql.jdbc.PgResultSet.findColumn(PgResultSet.java:2593)
	at org.postgresql.jdbc.PgResultSet.getString(PgResultSet.java:2467)
	at com.qa.datc.testscript.CreateGroupRoleTest.testgrouprole(CreateGroupRoleTest.java:41)
	at sun.reflect.NativeMethodAccessorImpl.invoke0(Native Method)
	at sun.reflect.NativeMethodAccessorImpl.invoke(NativeMethodAccessorImpl.java:62)
	at sun.reflect.DelegatingMethodAccessorImpl.invoke(DelegatingMethodAccessorImpl.java:43)
	at java.lang.reflect.Method.invoke(Method.java:498)
	at org.testng.internal.MethodInvocationHelper.invokeMethod(MethodInvocationHelper.java:108)
	at org.testng.internal.Invoker.invokeMethod(Invoker.java:661)
	at org.testng.internal.Invoker.invokeTestMethod(Invoker.java:869)
	at org.testng.internal.Invoker.invokeTestMethods(Invoker.java:1193)
	at org.testng.internal.TestMethodWorker.invokeTestMethods(TestMethodWorker.java:126)
	at org.testng.internal.TestMethodWorker.run(TestMethodWorker.java:109)
	at org.testng.TestRunner.privateRun(TestRunner.java:744)
	at org.testng.TestRunner.run(TestRunner.java:602)
	at org.testng.SuiteRunner.runTest(SuiteRunner.java:380)
	at org.testng.SuiteRunner.runSequentially(SuiteRunner.java:375)
	at org.testng.SuiteRunner.privateRun(SuiteRunner.java:340)
	at org.testng.SuiteRunner.run(SuiteRunner.java:289)
	at org.testng.SuiteRunnerWorker.runSuite(SuiteRunnerWorker.java:52)
	at org.testng.SuiteRunnerWorker.run(SuiteRunnerWorker.java:86)
	at org.testng.TestNG.runSuitesSequentially(TestNG.java:1301)
	at org.testng.TestNG.runSuitesLocally(TestNG.java:1226)
	at org.testng.TestNG.runSuites(TestNG.java:1144)
	at org.testng.TestNG.run(TestNG.java:1115)
	at org.testng.remote.AbstractRemoteTestNG.run(AbstractRemoteTestNG.java:114)
	at org.testng.remote.RemoteTestNG.initAndRun(RemoteTestNG.java:251)
	at org.testng.remote.RemoteTestNG.main(RemoteTestNG.java:77)
]]>
            </full-stacktrace>
          </exception> <!-- org.postgresql.util.PSQLException -->
          <reporter-output>
          </reporter-output>
        </test-method> <!-- testgrouprole -->
        <test-method status="PASS" signature="postCondition(org.testng.ITestResult)[pri:0, instance:com.qa.datc.testscript.CreateGroupRoleTest@610694f1]" name="postCondition" is-config="true" duration-ms="391" started-at="2019-04-03T17:06:25Z" finished-at="2019-04-03T17:06:26Z">
          <params>
            <param index="0">
              <value>
                <![CDATA[[TestResult name=testgrouprole status=FAILURE method=CreateGroupRoleTest.testgrouprole()[pri:0, instance:com.qa.datc.testscript.CreateGroupRoleTest@610694f1] output={null}]]]>
              </value>
            </param>
          </params>
          <reporter-output>
          </reporter-output>
        </test-method> <!-- postCondition -->
        <test-method status="PASS" signature="closeApplication()[pri:0, instance:com.qa.datc.testscript.CreateGroupRoleTest@610694f1]" name="closeApplication" is-config="true" duration-ms="2150" started-at="2019-04-03T17:06:26Z" finished-at="2019-04-03T17:06:28Z">
          <reporter-output>
          </reporter-output>
        </test-method> <!-- closeApplication -->
        <test-method status="PASS" signature="publishReport()[pri:0, instance:com.qa.datc.testscript.CreateGroupRoleTest@610694f1]" name="publishReport" is-config="true" duration-ms="305" started-at="2019-04-03T17:06:28Z" finished-at="2019-04-03T17:06:28Z">
          <reporter-output>
          </reporter-output>
        </test-method> <!-- publishReport -->
      </class> <!-- com.qa.datc.testscript.CreateGroupRoleTest -->
    </test> <!-- Default test -->
  </suite> <!-- Default suite -->
</testng-results>
