com.search.testscript.GroupSearchValidation 2019-04-16 11:58:48,552 com.qa.dtac.base.BaseTest.init(BaseTest.java:51) ExtentReport Initializing... 
com.search.testscript.GroupSearchValidation 2019-04-16 11:58:48,796 com.qa.dtac.base.BaseTest.initGlobalVar(BaseTest.java:60) Global variables are Initializing... 
com.search.testscript.GroupSearchValidation 2019-04-16 11:58:48,807 com.qa.dtac.base.BaseTest.initApplication(BaseTest.java:73)  browser chrome opening... 
com.search.testscript.GroupSearchValidation 2019-04-16 11:58:57,173 com.qa.dtac.base.BaseTest.preCondtion(BaseTest.java:97) url entered... 
com.search.testscript.GroupSearchValidation 2019-04-16 11:58:57,183 com.qa.dtac.base.BaseTest.preCondtion(BaseTest.java:111) started test executing : testgrouprole 
com.search.testscript.GroupSearchValidation 2019-04-16 11:59:05,392 com.qa.dtac.base.BaseTest.postCondition(BaseTest.java:134) Test is PASSED 
 
com.search.testscript.GroupSearchValidation 2019-04-16 11:59:05,395 com.qa.dtac.base.BaseTest.closeApplication(BaseTest.java:141) closing browser 
com.search.testscript.GroupSearchValidation 2019-04-16 11:59:05,585 com.qa.dtac.base.BaseTest.initApplication(BaseTest.java:73)  browser chrome opening... 
com.search.testscript.GroupSearchValidation 2019-04-16 11:59:10,570 com.qa.dtac.base.BaseTest.preCondtion(BaseTest.java:97) url entered... 
com.search.testscript.GroupSearchValidation 2019-04-16 11:59:10,571 com.qa.dtac.base.BaseTest.preCondtion(BaseTest.java:111) started test executing : testRoleCreate 
com.search.testscript.GroupSearchValidation 2019-04-16 11:59:23,462 com.qa.dtac.base.BaseTest.postCondition(BaseTest.java:134) Test is PASSED 
 
com.search.testscript.GroupSearchValidation 2019-04-16 11:59:23,466 com.qa.dtac.base.BaseTest.closeApplication(BaseTest.java:141) closing browser 
com.search.testscript.GroupSearchValidation 2019-04-16 11:59:25,564 com.qa.dtac.base.BaseTest.initApplication(BaseTest.java:73)  browser chrome opening... 
com.search.testscript.GroupSearchValidation 2019-04-16 11:59:31,225 com.qa.dtac.base.BaseTest.preCondtion(BaseTest.java:97) url entered... 
com.search.testscript.GroupSearchValidation 2019-04-16 11:59:31,225 com.qa.dtac.base.BaseTest.preCondtion(BaseTest.java:111) started test executing : testLogin 
com.search.testscript.GroupSearchValidation 2019-04-16 11:59:34,684 com.qa.dtac.base.BaseTest.postCondition(BaseTest.java:134) Test is PASSED 
 
com.search.testscript.GroupSearchValidation 2019-04-16 11:59:34,686 com.qa.dtac.base.BaseTest.closeApplication(BaseTest.java:141) closing browser 
com.search.testscript.GroupSearchValidation 2019-04-16 11:59:34,889 com.qa.dtac.base.BaseTest.initApplication(BaseTest.java:73)  browser chrome opening... 
com.search.testscript.GroupSearchValidation 2019-04-16 11:59:41,138 com.qa.dtac.base.BaseTest.preCondtion(BaseTest.java:97) url entered... 
com.search.testscript.GroupSearchValidation 2019-04-16 11:59:41,139 com.qa.dtac.base.BaseTest.preCondtion(BaseTest.java:111) started test executing : searchRole 
com.search.testscript.GroupSearchValidation 2019-04-16 11:59:50,320 com.qa.dtac.base.BaseTest.postCondition(BaseTest.java:134) Test is PASSED 
 
com.search.testscript.GroupSearchValidation 2019-04-16 11:59:50,321 com.qa.dtac.base.BaseTest.closeApplication(BaseTest.java:141) closing browser 
com.search.testscript.GroupSearchValidation 2019-04-16 11:59:50,502 com.qa.dtac.base.BaseTest.initApplication(BaseTest.java:73)  browser chrome opening... 
com.search.testscript.GroupSearchValidation 2019-04-16 11:59:55,966 com.qa.dtac.base.BaseTest.preCondtion(BaseTest.java:97) url entered... 
com.search.testscript.GroupSearchValidation 2019-04-16 11:59:55,968 com.qa.dtac.base.BaseTest.preCondtion(BaseTest.java:111) started test executing : searchRole 
com.search.testscript.GroupSearchValidation 2019-04-16 12:00:00,304 com.qa.dtac.base.BaseTest.postCondition(BaseTest.java:134) Test is PASSED 
 
com.search.testscript.GroupSearchValidation 2019-04-16 12:00:00,304 com.qa.dtac.base.BaseTest.closeApplication(BaseTest.java:141) closing browser 
com.search.testscript.GroupSearchValidation 2019-04-16 12:00:00,468 com.qa.dtac.base.BaseTest.initApplication(BaseTest.java:73)  browser chrome opening... 
com.search.testscript.GroupSearchValidation 2019-04-16 12:00:05,878 com.qa.dtac.base.BaseTest.preCondtion(BaseTest.java:97) url entered... 
com.search.testscript.GroupSearchValidation 2019-04-16 12:00:05,879 com.qa.dtac.base.BaseTest.preCondtion(BaseTest.java:111) started test executing : editrole 
com.search.testscript.GroupSearchValidation 2019-04-16 12:00:40,153 com.qa.dtac.base.BaseTest.postCondition(BaseTest.java:128) Test is FAILED 
com.search.testscript.GroupSearchValidation 2019-04-16 12:00:40,154 com.qa.dtac.base.BaseTest.closeApplication(BaseTest.java:141) closing browser 
com.search.testscript.GroupSearchValidation 2019-04-16 12:00:42,220 com.qa.dtac.base.BaseTest.initApplication(BaseTest.java:73)  browser chrome opening... 
com.search.testscript.GroupSearchValidation 2019-04-16 12:00:47,410 com.qa.dtac.base.BaseTest.preCondtion(BaseTest.java:97) url entered... 
com.search.testscript.GroupSearchValidation 2019-04-16 12:00:47,411 com.qa.dtac.base.BaseTest.preCondtion(BaseTest.java:111) started test executing : testgrouproleSearch 
com.search.testscript.GroupSearchValidation 2019-04-16 12:00:53,627 com.qa.dtac.base.BaseTest.postCondition(BaseTest.java:134) Test is PASSED 
 
com.search.testscript.GroupSearchValidation 2019-04-16 12:00:53,628 com.qa.dtac.base.BaseTest.closeApplication(BaseTest.java:141) closing browser 
com.search.testscript.GroupSearchValidation 2019-04-16 12:00:56,145 com.qa.dtac.base.BaseTest.publishReport(BaseTest.java:147) publishing report ./report/16_04_2019_11_58_48.html 
com.search.testscript.GroupSearchValidation 2019-04-16 14:09:58,099 com.qa.dtac.base.BaseTest.init(BaseTest.java:51) ExtentReport Initializing... 
com.search.testscript.GroupSearchValidation 2019-04-16 14:09:58,354 com.qa.dtac.base.BaseTest.initGlobalVar(BaseTest.java:60) Global variables are Initializing... 
com.search.testscript.GroupSearchValidation 2019-04-16 14:09:58,369 com.qa.dtac.base.BaseTest.initApplication(BaseTest.java:73)  browser chrome opening... 
com.search.testscript.GroupSearchValidation 2019-04-16 14:10:05,243 com.qa.dtac.base.BaseTest.preCondtion(BaseTest.java:97) url entered... 
com.search.testscript.GroupSearchValidation 2019-04-16 14:10:05,248 com.qa.dtac.base.BaseTest.preCondtion(BaseTest.java:111) started test executing : testgrouprole 
com.search.testscript.GroupSearchValidation 2019-04-16 14:10:13,323 com.qa.dtac.base.BaseTest.postCondition(BaseTest.java:134) Test is PASSED 
 
com.search.testscript.GroupSearchValidation 2019-04-16 14:10:13,327 com.qa.dtac.base.BaseTest.closeApplication(BaseTest.java:141) closing browser 
com.search.testscript.GroupSearchValidation 2019-04-16 14:10:15,377 com.qa.dtac.base.BaseTest.initApplication(BaseTest.java:73)  browser chrome opening... 
com.search.testscript.GroupSearchValidation 2019-04-16 14:10:20,450 com.qa.dtac.base.BaseTest.preCondtion(BaseTest.java:97) url entered... 
com.search.testscript.GroupSearchValidation 2019-04-16 14:10:20,450 com.qa.dtac.base.BaseTest.preCondtion(BaseTest.java:111) started test executing : testRoleCreate 
com.search.testscript.GroupSearchValidation 2019-04-16 14:10:33,965 com.qa.dtac.base.BaseTest.postCondition(BaseTest.java:134) Test is PASSED 
 
com.search.testscript.GroupSearchValidation 2019-04-16 14:10:33,965 com.qa.dtac.base.BaseTest.closeApplication(BaseTest.java:141) closing browser 
com.search.testscript.GroupSearchValidation 2019-04-16 14:10:34,120 com.qa.dtac.base.BaseTest.initApplication(BaseTest.java:73)  browser chrome opening... 
com.search.testscript.GroupSearchValidation 2019-04-16 14:10:39,156 com.qa.dtac.base.BaseTest.preCondtion(BaseTest.java:97) url entered... 
com.search.testscript.GroupSearchValidation 2019-04-16 14:10:39,156 com.qa.dtac.base.BaseTest.preCondtion(BaseTest.java:111) started test executing : testLogin 
com.search.testscript.GroupSearchValidation 2019-04-16 14:10:42,618 com.qa.dtac.base.BaseTest.postCondition(BaseTest.java:134) Test is PASSED 
 
com.search.testscript.GroupSearchValidation 2019-04-16 14:10:42,620 com.qa.dtac.base.BaseTest.closeApplication(BaseTest.java:141) closing browser 
com.search.testscript.GroupSearchValidation 2019-04-16 14:10:44,724 com.qa.dtac.base.BaseTest.initApplication(BaseTest.java:73)  browser chrome opening... 
com.search.testscript.GroupSearchValidation 2019-04-16 14:10:49,517 com.qa.dtac.base.BaseTest.preCondtion(BaseTest.java:97) url entered... 
com.search.testscript.GroupSearchValidation 2019-04-16 14:10:49,517 com.qa.dtac.base.BaseTest.preCondtion(BaseTest.java:111) started test executing : searchRole 
com.search.testscript.GroupSearchValidation 2019-04-16 14:10:58,677 com.qa.dtac.base.BaseTest.postCondition(BaseTest.java:134) Test is PASSED 
 
com.search.testscript.GroupSearchValidation 2019-04-16 14:10:58,677 com.qa.dtac.base.BaseTest.closeApplication(BaseTest.java:141) closing browser 
com.search.testscript.GroupSearchValidation 2019-04-16 14:11:00,740 com.qa.dtac.base.BaseTest.initApplication(BaseTest.java:73)  browser chrome opening... 
com.search.testscript.GroupSearchValidation 2019-04-16 14:11:07,251 com.qa.dtac.base.BaseTest.preCondtion(BaseTest.java:97) url entered... 
com.search.testscript.GroupSearchValidation 2019-04-16 14:11:07,251 com.qa.dtac.base.BaseTest.preCondtion(BaseTest.java:111) started test executing : searchRole 
com.search.testscript.GroupSearchValidation 2019-04-16 14:11:11,545 com.qa.dtac.base.BaseTest.postCondition(BaseTest.java:134) Test is PASSED 
 
com.search.testscript.GroupSearchValidation 2019-04-16 14:11:11,546 com.qa.dtac.base.BaseTest.closeApplication(BaseTest.java:141) closing browser 
com.search.testscript.GroupSearchValidation 2019-04-16 14:11:11,688 com.qa.dtac.base.BaseTest.initApplication(BaseTest.java:73)  browser chrome opening... 
com.search.testscript.GroupSearchValidation 2019-04-16 14:11:17,040 com.qa.dtac.base.BaseTest.preCondtion(BaseTest.java:97) url entered... 
com.search.testscript.GroupSearchValidation 2019-04-16 14:11:17,041 com.qa.dtac.base.BaseTest.preCondtion(BaseTest.java:111) started test executing : testgrouproleSearch 
com.search.testscript.GroupSearchValidation 2019-04-16 14:11:23,249 com.qa.dtac.base.BaseTest.postCondition(BaseTest.java:134) Test is PASSED 
 
com.search.testscript.GroupSearchValidation 2019-04-16 14:11:23,250 com.qa.dtac.base.BaseTest.closeApplication(BaseTest.java:141) closing browser 
com.search.testscript.GroupSearchValidation 2019-04-16 14:11:25,498 com.qa.dtac.base.BaseTest.publishReport(BaseTest.java:147) publishing report ./report/16_04_2019_02_09_58.html 
com.create.testscript.CreateGroupRoleTest 2019-04-16 15:05:22,848 com.qa.dtac.base.BaseTest.init(BaseTest.java:51) ExtentReport Initializing... 
com.create.testscript.CreateGroupRoleTest 2019-04-16 15:05:23,128 com.qa.dtac.base.BaseTest.initGlobalVar(BaseTest.java:60) Global variables are Initializing... 
com.create.testscript.CreateGroupRoleTest 2019-04-16 15:05:23,138 com.qa.dtac.base.BaseTest.initApplication(BaseTest.java:73)  browser chrome opening... 
com.create.testscript.CreateGroupRoleTest 2019-04-16 15:05:30,170 com.qa.dtac.base.BaseTest.preCondtion(BaseTest.java:97) url entered... 
com.create.testscript.CreateGroupRoleTest 2019-04-16 15:05:30,175 com.qa.dtac.base.BaseTest.preCondtion(BaseTest.java:111) started test executing : testgrouprole 
com.create.testscript.CreateGroupRoleTest 2019-04-16 15:05:38,908 com.qa.dtac.base.BaseTest.postCondition(BaseTest.java:128) Test is FAILED 
com.create.testscript.CreateGroupRoleTest 2019-04-16 15:05:38,911 com.qa.dtac.base.BaseTest.closeApplication(BaseTest.java:141) closing browser 
com.create.testscript.CreateGroupRoleTest 2019-04-16 15:05:41,050 com.qa.dtac.base.BaseTest.publishReport(BaseTest.java:147) publishing report ./report/16_04_2019_03_05_22.html 
com.create.testscript.CreateGroupRoleTest 2019-04-17 10:00:55,005 com.qa.dtac.base.BaseTest.init(BaseTest.java:51) ExtentReport Initializing... 
com.create.testscript.CreateGroupRoleTest 2019-04-17 10:00:55,285 com.qa.dtac.base.BaseTest.initGlobalVar(BaseTest.java:60) Global variables are Initializing... 
com.create.testscript.CreateGroupRoleTest 2019-04-17 10:00:55,300 com.qa.dtac.base.BaseTest.initApplication(BaseTest.java:73)  browser chrome opening... 
com.create.testscript.CreateGroupRoleTest 2019-04-17 10:01:01,800 com.qa.dtac.base.BaseTest.preCondtion(BaseTest.java:97) url entered... 
com.create.testscript.CreateGroupRoleTest 2019-04-17 10:01:01,805 com.qa.dtac.base.BaseTest.preCondtion(BaseTest.java:111) started test executing : testgrouprole 
com.create.testscript.CreateGroupRoleTest 2019-04-17 10:01:32,927 com.qa.dtac.base.BaseTest.postCondition(BaseTest.java:128) Test is FAILED 
com.create.testscript.CreateGroupRoleTest 2019-04-17 10:01:32,930 com.qa.dtac.base.BaseTest.closeApplication(BaseTest.java:141) closing browser 
com.create.testscript.CreateGroupRoleTest 2019-04-17 10:01:33,184 com.qa.dtac.base.BaseTest.publishReport(BaseTest.java:147) publishing report ./report/17_04_2019_10_00_55.html 
com.create.testscript.CreateGroupRoleTest 2019-04-17 10:07:19,558 com.qa.dtac.base.BaseTest.init(BaseTest.java:51) ExtentReport Initializing... 
com.create.testscript.CreateGroupRoleTest 2019-04-17 10:07:19,823 com.qa.dtac.base.BaseTest.initGlobalVar(BaseTest.java:60) Global variables are Initializing... 
com.create.testscript.CreateGroupRoleTest 2019-04-17 10:07:19,837 com.qa.dtac.base.BaseTest.initApplication(BaseTest.java:73)  browser chrome opening... 
com.create.testscript.CreateGroupRoleTest 2019-04-17 10:07:25,773 com.qa.dtac.base.BaseTest.preCondtion(BaseTest.java:97) url entered... 
com.create.testscript.CreateGroupRoleTest 2019-04-17 10:07:25,778 com.qa.dtac.base.BaseTest.preCondtion(BaseTest.java:111) started test executing : testgrouprole 
com.create.testscript.CreateGroupRoleTest 2019-04-17 10:07:56,897 com.qa.dtac.base.BaseTest.postCondition(BaseTest.java:128) Test is FAILED 
com.create.testscript.CreateGroupRoleTest 2019-04-17 10:07:56,902 com.qa.dtac.base.BaseTest.closeApplication(BaseTest.java:141) closing browser 
com.create.testscript.CreateGroupRoleTest 2019-04-17 10:07:57,187 com.qa.dtac.base.BaseTest.publishReport(BaseTest.java:147) publishing report ./report/17_04_2019_10_07_19.html 
com.qa.datc.testscript.CreateGroupRoleTest 2019-04-18 09:51:51,377 com.qa.dtac.base.BaseTest.init(BaseTest.java:52) ExtentReport Initializing... 
com.qa.datc.testscript.CreateGroupRoleTest 2019-04-18 09:51:51,646 com.qa.dtac.base.BaseTest.initGlobalVar(BaseTest.java:61) Global variables are Initializing... 
com.qa.datc.testscript.CreateGroupRoleTest 2019-04-18 09:51:51,662 com.qa.dtac.base.BaseTest.initApplication(BaseTest.java:74)  browser chrome opening... 
com.qa.datc.testscript.CreateGroupRoleTest 2019-04-18 09:51:59,079 com.qa.dtac.base.BaseTest.preCondtion(BaseTest.java:98) url entered... 
com.qa.datc.testscript.CreateGroupRoleTest 2019-04-18 09:51:59,085 com.qa.dtac.base.BaseTest.preCondtion(BaseTest.java:112) started test executing : testgrouprole 
com.qa.datc.testscript.CreateGroupRoleTest 2019-04-18 09:52:30,287 com.qa.dtac.base.BaseTest.postCondition(BaseTest.java:129) Test is FAILED 
com.qa.datc.testscript.CreateGroupRoleTest 2019-04-18 09:52:30,291 com.qa.dtac.base.BaseTest.closeApplication(BaseTest.java:142) closing browser 
com.qa.datc.testscript.CreateGroupRoleTest 2019-04-18 09:52:30,401 com.qa.dtac.base.BaseTest.publishReport(BaseTest.java:148) publishing report ./report/18_04_2019_09_51_51.html 
com.search.testscript.GroupSearchValidation 2019-04-18 10:01:42,736 com.qa.dtac.base.BaseTest.init(BaseTest.java:52) ExtentReport Initializing... 
com.search.testscript.GroupSearchValidation 2019-04-18 10:01:43,009 com.qa.dtac.base.BaseTest.initGlobalVar(BaseTest.java:61) Global variables are Initializing... 
com.search.testscript.GroupSearchValidation 2019-04-18 10:01:43,020 com.qa.dtac.base.BaseTest.initApplication(BaseTest.java:74)  browser chrome opening... 
com.search.testscript.GroupSearchValidation 2019-04-18 10:01:48,974 com.qa.dtac.base.BaseTest.preCondtion(BaseTest.java:98) url entered... 
com.search.testscript.GroupSearchValidation 2019-04-18 10:01:48,982 com.qa.dtac.base.BaseTest.preCondtion(BaseTest.java:112) started test executing : testgrouprole 
com.search.testscript.GroupSearchValidation 2019-04-18 10:01:56,944 com.qa.dtac.base.BaseTest.postCondition(BaseTest.java:135) Test is PASSED 
 
com.search.testscript.GroupSearchValidation 2019-04-18 10:01:56,949 com.qa.dtac.base.BaseTest.closeApplication(BaseTest.java:142) closing browser 
com.search.testscript.GroupSearchValidation 2019-04-18 10:01:56,989 com.qa.dtac.base.BaseTest.initApplication(BaseTest.java:74)  browser chrome opening... 
com.search.testscript.GroupSearchValidation 2019-04-18 10:02:01,866 com.qa.dtac.base.BaseTest.preCondtion(BaseTest.java:98) url entered... 
com.search.testscript.GroupSearchValidation 2019-04-18 10:02:01,866 com.qa.dtac.base.BaseTest.preCondtion(BaseTest.java:112) started test executing : testRoleCreate 
com.search.testscript.GroupSearchValidation 2019-04-18 10:02:40,414 com.qa.dtac.base.BaseTest.postCondition(BaseTest.java:129) Test is FAILED 
com.search.testscript.GroupSearchValidation 2019-04-18 10:02:40,414 com.qa.dtac.base.BaseTest.closeApplication(BaseTest.java:142) closing browser 
com.search.testscript.GroupSearchValidation 2019-04-18 10:02:40,442 com.qa.dtac.base.BaseTest.initApplication(BaseTest.java:74)  browser chrome opening... 
com.search.testscript.GroupSearchValidation 2019-04-18 10:02:45,408 com.qa.dtac.base.BaseTest.preCondtion(BaseTest.java:98) url entered... 
com.search.testscript.GroupSearchValidation 2019-04-18 10:02:45,408 com.qa.dtac.base.BaseTest.preCondtion(BaseTest.java:112) started test executing : testLogin 
com.search.testscript.GroupSearchValidation 2019-04-18 10:02:48,874 com.qa.dtac.base.BaseTest.postCondition(BaseTest.java:135) Test is PASSED 
 
com.search.testscript.GroupSearchValidation 2019-04-18 10:02:48,875 com.qa.dtac.base.BaseTest.closeApplication(BaseTest.java:142) closing browser 
com.search.testscript.GroupSearchValidation 2019-04-18 10:02:48,932 com.qa.dtac.base.BaseTest.initApplication(BaseTest.java:74)  browser chrome opening... 
com.search.testscript.GroupSearchValidation 2019-04-18 10:02:54,551 com.qa.dtac.base.BaseTest.preCondtion(BaseTest.java:98) url entered... 
com.search.testscript.GroupSearchValidation 2019-04-18 10:02:54,551 com.qa.dtac.base.BaseTest.preCondtion(BaseTest.java:112) started test executing : searchRole 
com.search.testscript.GroupSearchValidation 2019-04-18 10:03:03,548 com.qa.dtac.base.BaseTest.postCondition(BaseTest.java:135) Test is PASSED 
 
com.search.testscript.GroupSearchValidation 2019-04-18 10:03:03,548 com.qa.dtac.base.BaseTest.closeApplication(BaseTest.java:142) closing browser 
com.search.testscript.GroupSearchValidation 2019-04-18 10:03:03,578 com.qa.dtac.base.BaseTest.initApplication(BaseTest.java:74)  browser chrome opening... 
com.search.testscript.GroupSearchValidation 2019-04-18 10:03:09,554 com.qa.dtac.base.BaseTest.preCondtion(BaseTest.java:98) url entered... 
com.search.testscript.GroupSearchValidation 2019-04-18 10:03:09,555 com.qa.dtac.base.BaseTest.preCondtion(BaseTest.java:112) started test executing : searchRole 
com.search.testscript.GroupSearchValidation 2019-04-18 10:03:13,628 com.qa.dtac.base.BaseTest.postCondition(BaseTest.java:135) Test is PASSED 
 
com.search.testscript.GroupSearchValidation 2019-04-18 10:03:13,628 com.qa.dtac.base.BaseTest.closeApplication(BaseTest.java:142) closing browser 
com.search.testscript.GroupSearchValidation 2019-04-18 10:03:13,656 com.qa.dtac.base.BaseTest.initApplication(BaseTest.java:74)  browser chrome opening... 
com.search.testscript.GroupSearchValidation 2019-04-18 10:03:18,555 com.qa.dtac.base.BaseTest.preCondtion(BaseTest.java:98) url entered... 
com.search.testscript.GroupSearchValidation 2019-04-18 10:03:18,555 com.qa.dtac.base.BaseTest.preCondtion(BaseTest.java:112) started test executing : testgrouproleSearch 
com.search.testscript.GroupSearchValidation 2019-04-18 10:03:24,448 com.qa.dtac.base.BaseTest.postCondition(BaseTest.java:135) Test is PASSED 
 
com.search.testscript.GroupSearchValidation 2019-04-18 10:03:24,448 com.qa.dtac.base.BaseTest.closeApplication(BaseTest.java:142) closing browser 
com.search.testscript.GroupSearchValidation 2019-04-18 10:03:24,549 com.qa.dtac.base.BaseTest.publishReport(BaseTest.java:148) publishing report ./report/18_04_2019_10_01_42.html 
com.search.testscript.GroupSearchValidation 2019-04-18 10:15:02,692 com.qa.dtac.base.BaseTest.init(BaseTest.java:52) ExtentReport Initializing... 
com.search.testscript.GroupSearchValidation 2019-04-18 10:15:02,966 com.qa.dtac.base.BaseTest.initGlobalVar(BaseTest.java:61) Global variables are Initializing... 
com.search.testscript.GroupSearchValidation 2019-04-18 10:15:02,979 com.qa.dtac.base.BaseTest.initApplication(BaseTest.java:74)  browser chrome opening... 
com.search.testscript.GroupSearchValidation 2019-04-18 10:15:10,218 com.qa.dtac.base.BaseTest.preCondtion(BaseTest.java:98) url entered... 
com.search.testscript.GroupSearchValidation 2019-04-18 10:15:10,226 com.qa.dtac.base.BaseTest.preCondtion(BaseTest.java:112) started test executing : testgrouprole 
com.search.testscript.GroupSearchValidation 2019-04-18 10:15:17,912 com.qa.dtac.base.BaseTest.postCondition(BaseTest.java:135) Test is PASSED 
 
com.search.testscript.GroupSearchValidation 2019-04-18 10:15:17,915 com.qa.dtac.base.BaseTest.closeApplication(BaseTest.java:142) closing browser 
com.search.testscript.GroupSearchValidation 2019-04-18 10:15:17,955 com.qa.dtac.base.BaseTest.initApplication(BaseTest.java:74)  browser chrome opening... 
com.search.testscript.GroupSearchValidation 2019-04-18 10:15:23,354 com.qa.dtac.base.BaseTest.preCondtion(BaseTest.java:98) url entered... 
com.search.testscript.GroupSearchValidation 2019-04-18 10:15:23,355 com.qa.dtac.base.BaseTest.preCondtion(BaseTest.java:112) started test executing : testRoleCreate 
com.search.testscript.GroupSearchValidation 2019-04-18 10:16:01,576 com.qa.dtac.base.BaseTest.postCondition(BaseTest.java:129) Test is FAILED 
com.search.testscript.GroupSearchValidation 2019-04-18 10:16:01,577 com.qa.dtac.base.BaseTest.closeApplication(BaseTest.java:142) closing browser 
com.search.testscript.GroupSearchValidation 2019-04-18 10:16:01,621 com.qa.dtac.base.BaseTest.initApplication(BaseTest.java:74)  browser chrome opening... 
com.search.testscript.GroupSearchValidation 2019-04-18 10:16:06,721 com.qa.dtac.base.BaseTest.preCondtion(BaseTest.java:98) url entered... 
com.search.testscript.GroupSearchValidation 2019-04-18 10:16:06,722 com.qa.dtac.base.BaseTest.preCondtion(BaseTest.java:112) started test executing : testLogin 
com.search.testscript.GroupSearchValidation 2019-04-18 10:16:10,114 com.qa.dtac.base.BaseTest.postCondition(BaseTest.java:135) Test is PASSED 
 
com.search.testscript.GroupSearchValidation 2019-04-18 10:16:10,115 com.qa.dtac.base.BaseTest.closeApplication(BaseTest.java:142) closing browser 
com.search.testscript.GroupSearchValidation 2019-04-18 10:16:10,194 com.qa.dtac.base.BaseTest.initApplication(BaseTest.java:74)  browser chrome opening... 
com.search.testscript.GroupSearchValidation 2019-04-18 10:16:15,247 com.qa.dtac.base.BaseTest.preCondtion(BaseTest.java:98) url entered... 
com.search.testscript.GroupSearchValidation 2019-04-18 10:16:15,248 com.qa.dtac.base.BaseTest.preCondtion(BaseTest.java:112) started test executing : searchRole 
com.search.testscript.GroupSearchValidation 2019-04-18 10:16:24,235 com.qa.dtac.base.BaseTest.postCondition(BaseTest.java:135) Test is PASSED 
 
com.search.testscript.GroupSearchValidation 2019-04-18 10:16:24,235 com.qa.dtac.base.BaseTest.closeApplication(BaseTest.java:142) closing browser 
com.search.testscript.GroupSearchValidation 2019-04-18 10:16:24,273 com.qa.dtac.base.BaseTest.initApplication(BaseTest.java:74)  browser chrome opening... 
com.search.testscript.GroupSearchValidation 2019-04-18 10:16:29,783 com.qa.dtac.base.BaseTest.preCondtion(BaseTest.java:98) url entered... 
com.search.testscript.GroupSearchValidation 2019-04-18 10:16:29,784 com.qa.dtac.base.BaseTest.preCondtion(BaseTest.java:112) started test executing : searchRole 
com.search.testscript.GroupSearchValidation 2019-04-18 10:16:34,117 com.qa.dtac.base.BaseTest.postCondition(BaseTest.java:135) Test is PASSED 
 
com.search.testscript.GroupSearchValidation 2019-04-18 10:16:34,117 com.qa.dtac.base.BaseTest.closeApplication(BaseTest.java:142) closing browser 
com.search.testscript.GroupSearchValidation 2019-04-18 10:16:34,164 com.qa.dtac.base.BaseTest.initApplication(BaseTest.java:74)  browser chrome opening... 
com.search.testscript.GroupSearchValidation 2019-04-18 10:16:40,348 com.qa.dtac.base.BaseTest.preCondtion(BaseTest.java:98) url entered... 
com.search.testscript.GroupSearchValidation 2019-04-18 10:16:40,348 com.qa.dtac.base.BaseTest.preCondtion(BaseTest.java:112) started test executing : testgrouproleSearch 
com.search.testscript.GroupSearchValidation 2019-04-18 10:16:46,189 com.qa.dtac.base.BaseTest.postCondition(BaseTest.java:135) Test is PASSED 
 
com.search.testscript.GroupSearchValidation 2019-04-18 10:16:46,189 com.qa.dtac.base.BaseTest.closeApplication(BaseTest.java:142) closing browser 
com.search.testscript.GroupSearchValidation 2019-04-18 10:16:46,276 com.qa.dtac.base.BaseTest.publishReport(BaseTest.java:148) publishing report ./report/18_04_2019_10_15_02.html 
com.search.testscript.GroupSearchValidation 2019-04-18 10:18:20,754 com.qa.dtac.base.BaseTest.init(BaseTest.java:52) ExtentReport Initializing... 
com.search.testscript.GroupSearchValidation 2019-04-18 10:18:21,039 com.qa.dtac.base.BaseTest.initGlobalVar(BaseTest.java:61) Global variables are Initializing... 
com.search.testscript.GroupSearchValidation 2019-04-18 10:18:21,050 com.qa.dtac.base.BaseTest.initApplication(BaseTest.java:74)  browser chrome opening... 
com.search.testscript.GroupSearchValidation 2019-04-18 10:18:28,164 com.qa.dtac.base.BaseTest.preCondtion(BaseTest.java:98) url entered... 
com.search.testscript.GroupSearchValidation 2019-04-18 10:18:28,171 com.qa.dtac.base.BaseTest.preCondtion(BaseTest.java:112) started test executing : testgrouprole 
com.search.testscript.GroupSearchValidation 2019-04-18 10:18:35,804 com.qa.dtac.base.BaseTest.postCondition(BaseTest.java:135) Test is PASSED 
 
com.search.testscript.GroupSearchValidation 2019-04-18 10:18:35,808 com.qa.dtac.base.BaseTest.closeApplication(BaseTest.java:142) closing browser 
com.search.testscript.GroupSearchValidation 2019-04-18 10:18:35,849 com.qa.dtac.base.BaseTest.initApplication(BaseTest.java:74)  browser chrome opening... 
com.search.testscript.GroupSearchValidation 2019-04-18 10:18:41,300 com.qa.dtac.base.BaseTest.preCondtion(BaseTest.java:98) url entered... 
com.search.testscript.GroupSearchValidation 2019-04-18 10:18:41,300 com.qa.dtac.base.BaseTest.preCondtion(BaseTest.java:112) started test executing : testRoleCreate 
com.search.testscript.GroupSearchValidation 2019-04-18 10:18:49,592 com.qa.dtac.base.BaseTest.postCondition(BaseTest.java:129) Test is FAILED 
com.search.testscript.GroupSearchValidation 2019-04-18 10:18:49,593 com.qa.dtac.base.BaseTest.closeApplication(BaseTest.java:142) closing browser 
com.search.testscript.GroupSearchValidation 2019-04-18 10:18:49,669 com.qa.dtac.base.BaseTest.initApplication(BaseTest.java:74)  browser chrome opening... 
com.search.testscript.GroupSearchValidation 2019-04-18 10:18:55,493 com.qa.dtac.base.BaseTest.preCondtion(BaseTest.java:98) url entered... 
com.search.testscript.GroupSearchValidation 2019-04-18 10:18:55,493 com.qa.dtac.base.BaseTest.preCondtion(BaseTest.java:112) started test executing : testLogin 
com.search.testscript.GroupSearchValidation 2019-04-18 10:18:59,070 com.qa.dtac.base.BaseTest.postCondition(BaseTest.java:135) Test is PASSED 
 
com.search.testscript.GroupSearchValidation 2019-04-18 10:18:59,073 com.qa.dtac.base.BaseTest.closeApplication(BaseTest.java:142) closing browser 
com.search.testscript.GroupSearchValidation 2019-04-18 10:18:59,111 com.qa.dtac.base.BaseTest.initApplication(BaseTest.java:74)  browser chrome opening... 
com.search.testscript.GroupSearchValidation 2019-04-18 10:19:05,397 com.qa.dtac.base.BaseTest.preCondtion(BaseTest.java:98) url entered... 
com.search.testscript.GroupSearchValidation 2019-04-18 10:19:05,398 com.qa.dtac.base.BaseTest.preCondtion(BaseTest.java:112) started test executing : searchRole 
com.search.testscript.GroupSearchValidation 2019-04-18 10:19:14,559 com.qa.dtac.base.BaseTest.postCondition(BaseTest.java:135) Test is PASSED 
 
com.search.testscript.GroupSearchValidation 2019-04-18 10:19:14,562 com.qa.dtac.base.BaseTest.closeApplication(BaseTest.java:142) closing browser 
com.search.testscript.GroupSearchValidation 2019-04-18 10:19:14,598 com.qa.dtac.base.BaseTest.initApplication(BaseTest.java:74)  browser chrome opening... 
com.search.testscript.GroupSearchValidation 2019-04-18 10:19:20,001 com.qa.dtac.base.BaseTest.preCondtion(BaseTest.java:98) url entered... 
com.search.testscript.GroupSearchValidation 2019-04-18 10:19:20,001 com.qa.dtac.base.BaseTest.preCondtion(BaseTest.java:112) started test executing : searchRole 
com.search.testscript.GroupSearchValidation 2019-04-18 10:19:24,446 com.qa.dtac.base.BaseTest.postCondition(BaseTest.java:135) Test is PASSED 
 
com.search.testscript.GroupSearchValidation 2019-04-18 10:19:24,449 com.qa.dtac.base.BaseTest.closeApplication(BaseTest.java:142) closing browser 
com.search.testscript.GroupSearchValidation 2019-04-18 10:19:24,482 com.qa.dtac.base.BaseTest.initApplication(BaseTest.java:74)  browser chrome opening... 
com.search.testscript.GroupSearchValidation 2019-04-18 10:19:29,681 com.qa.dtac.base.BaseTest.preCondtion(BaseTest.java:98) url entered... 
com.search.testscript.GroupSearchValidation 2019-04-18 10:19:29,681 com.qa.dtac.base.BaseTest.preCondtion(BaseTest.java:112) started test executing : testgrouproleSearch 
com.search.testscript.GroupSearchValidation 2019-04-18 10:21:09,105 com.qa.dtac.base.BaseTest.init(BaseTest.java:52) ExtentReport Initializing... 
com.search.testscript.GroupSearchValidation 2019-04-18 10:21:09,370 com.qa.dtac.base.BaseTest.initGlobalVar(BaseTest.java:61) Global variables are Initializing... 
com.search.testscript.GroupSearchValidation 2019-04-18 10:21:09,381 com.qa.dtac.base.BaseTest.initApplication(BaseTest.java:74)  browser chrome opening... 
com.search.testscript.GroupSearchValidation 2019-04-18 10:21:16,491 com.qa.dtac.base.BaseTest.preCondtion(BaseTest.java:98) url entered... 
com.search.testscript.GroupSearchValidation 2019-04-18 10:21:16,498 com.qa.dtac.base.BaseTest.preCondtion(BaseTest.java:112) started test executing : testgrouprole 
com.search.testscript.GroupSearchValidation 2019-04-18 10:21:24,727 com.qa.dtac.base.BaseTest.postCondition(BaseTest.java:135) Test is PASSED 
 
com.search.testscript.GroupSearchValidation 2019-04-18 10:21:24,730 com.qa.dtac.base.BaseTest.closeApplication(BaseTest.java:142) closing browser 
com.search.testscript.GroupSearchValidation 2019-04-18 10:21:26,831 com.qa.dtac.base.BaseTest.initApplication(BaseTest.java:74)  browser chrome opening... 
com.search.testscript.GroupSearchValidation 2019-04-18 10:21:32,479 com.qa.dtac.base.BaseTest.preCondtion(BaseTest.java:98) url entered... 
com.search.testscript.GroupSearchValidation 2019-04-18 10:21:32,479 com.qa.dtac.base.BaseTest.preCondtion(BaseTest.java:112) started test executing : testRoleCreate 
com.search.testscript.GroupSearchValidation 2019-04-18 10:21:40,962 com.qa.dtac.base.BaseTest.postCondition(BaseTest.java:129) Test is FAILED 
com.search.testscript.GroupSearchValidation 2019-04-18 10:21:40,963 com.qa.dtac.base.BaseTest.closeApplication(BaseTest.java:142) closing browser 
com.search.testscript.GroupSearchValidation 2019-04-18 10:21:43,020 com.qa.dtac.base.BaseTest.initApplication(BaseTest.java:74)  browser chrome opening... 
com.qa.datc.testscript.CreateRoleTestscript 2019-04-18 10:24:00,526 com.qa.dtac.base.BaseTest.init(BaseTest.java:52) ExtentReport Initializing... 
com.qa.datc.testscript.CreateRoleTestscript 2019-04-18 10:24:00,804 com.qa.dtac.base.BaseTest.initGlobalVar(BaseTest.java:61) Global variables are Initializing... 
com.qa.datc.testscript.CreateRoleTestscript 2019-04-18 10:24:00,815 com.qa.dtac.base.BaseTest.initApplication(BaseTest.java:74)  browser chrome opening... 
com.qa.datc.testscript.CreateRoleTestscript 2019-04-18 10:24:09,214 com.qa.dtac.base.BaseTest.preCondtion(BaseTest.java:98) url entered... 
com.qa.datc.testscript.CreateRoleTestscript 2019-04-18 10:24:09,218 com.qa.dtac.base.BaseTest.preCondtion(BaseTest.java:112) started test executing : testRoleCreate 
com.qa.datc.testscript.CreateRoleTestscript 2019-04-18 10:24:17,816 com.qa.dtac.base.BaseTest.postCondition(BaseTest.java:129) Test is FAILED 
com.qa.datc.testscript.CreateRoleTestscript 2019-04-18 10:24:17,819 com.qa.dtac.base.BaseTest.closeApplication(BaseTest.java:142) closing browser 
com.qa.datc.testscript.CreateRoleTestscript 2019-04-18 10:24:19,980 com.qa.dtac.base.BaseTest.publishReport(BaseTest.java:148) publishing report ./report/18_04_2019_10_24_00.html 
com.qa.datc.testscript.CreateRoleTestscript 2019-04-18 10:26:10,386 com.qa.dtac.base.BaseTest.init(BaseTest.java:52) ExtentReport Initializing... 
com.qa.datc.testscript.CreateRoleTestscript 2019-04-18 10:26:10,651 com.qa.dtac.base.BaseTest.initGlobalVar(BaseTest.java:61) Global variables are Initializing... 
com.qa.datc.testscript.CreateRoleTestscript 2019-04-18 10:26:10,663 com.qa.dtac.base.BaseTest.initApplication(BaseTest.java:74)  browser chrome opening... 
com.qa.datc.testscript.CreateRoleTestscript 2019-04-18 10:26:17,671 com.qa.dtac.base.BaseTest.preCondtion(BaseTest.java:98) url entered... 
com.qa.datc.testscript.CreateRoleTestscript 2019-04-18 10:26:17,676 com.qa.dtac.base.BaseTest.preCondtion(BaseTest.java:112) started test executing : testRoleCreate 
com.qa.datc.testscript.CreateRoleTestscript 2019-04-18 10:26:26,188 com.qa.dtac.base.BaseTest.postCondition(BaseTest.java:129) Test is FAILED 
com.qa.datc.testscript.CreateRoleTestscript 2019-04-18 10:26:26,191 com.qa.dtac.base.BaseTest.closeApplication(BaseTest.java:142) closing browser 
com.qa.datc.testscript.CreateRoleTestscript 2019-04-18 10:26:26,395 com.qa.dtac.base.BaseTest.publishReport(BaseTest.java:148) publishing report ./report/18_04_2019_10_26_10.html 
com.qa.datc.testscript.CreateRoleTestscript 2019-04-18 11:24:53,088 com.qa.dtac.base.BaseTest.init(BaseTest.java:52) ExtentReport Initializing... 
com.qa.datc.testscript.CreateRoleTestscript 2019-04-18 11:24:53,356 com.qa.dtac.base.BaseTest.initGlobalVar(BaseTest.java:61) Global variables are Initializing... 
com.qa.datc.testscript.CreateRoleTestscript 2019-04-18 11:24:53,367 com.qa.dtac.base.BaseTest.initApplication(BaseTest.java:74)  browser chrome opening... 
com.qa.datc.testscript.CreateRoleTestscript 2019-04-18 11:25:01,959 com.qa.dtac.base.BaseTest.preCondtion(BaseTest.java:98) url entered... 
com.qa.datc.testscript.CreateRoleTestscript 2019-04-18 11:25:01,967 com.qa.dtac.base.BaseTest.preCondtion(BaseTest.java:112) started test executing : testRoleCreate 
com.qa.datc.testscript.CreateRoleTestscript 2019-04-18 11:25:10,383 com.qa.dtac.base.BaseTest.postCondition(BaseTest.java:129) Test is FAILED 
com.qa.datc.testscript.CreateRoleTestscript 2019-04-18 11:25:10,386 com.qa.dtac.base.BaseTest.closeApplication(BaseTest.java:142) closing browser 
com.qa.datc.testscript.CreateRoleTestscript 2019-04-18 11:25:10,622 com.qa.dtac.base.BaseTest.publishReport(BaseTest.java:148) publishing report ./report/18_04_2019_11_24_53.html 
com.qa.datc.testscript.CreateRoleTestscript 2019-04-18 11:27:15,562 com.qa.dtac.base.BaseTest.init(BaseTest.java:52) ExtentReport Initializing... 
com.qa.datc.testscript.CreateRoleTestscript 2019-04-18 11:27:15,821 com.qa.dtac.base.BaseTest.initGlobalVar(BaseTest.java:61) Global variables are Initializing... 
com.qa.datc.testscript.CreateRoleTestscript 2019-04-18 11:27:15,831 com.qa.dtac.base.BaseTest.initApplication(BaseTest.java:74)  browser chrome opening... 
com.qa.datc.testscript.CreateRoleTestscript 2019-04-18 11:27:23,087 com.qa.dtac.base.BaseTest.preCondtion(BaseTest.java:98) url entered... 
com.qa.datc.testscript.CreateRoleTestscript 2019-04-18 11:27:23,091 com.qa.dtac.base.BaseTest.preCondtion(BaseTest.java:112) started test executing : testRoleCreate 
com.qa.datc.testscript.CreateRoleTestscript 2019-04-18 11:27:31,527 com.qa.dtac.base.BaseTest.postCondition(BaseTest.java:129) Test is FAILED 
com.qa.datc.testscript.CreateRoleTestscript 2019-04-18 11:27:31,529 com.qa.dtac.base.BaseTest.closeApplication(BaseTest.java:142) closing browser 
com.qa.datc.testscript.CreateRoleTestscript 2019-04-18 11:27:33,681 com.qa.dtac.base.BaseTest.publishReport(BaseTest.java:148) publishing report ./report/18_04_2019_11_27_15.html 
com.create.testscript.CreateGroupRoleTest 2019-04-18 11:28:23,273 com.qa.dtac.base.BaseTest.init(BaseTest.java:52) ExtentReport Initializing... 
com.create.testscript.CreateGroupRoleTest 2019-04-18 11:28:23,584 com.qa.dtac.base.BaseTest.initGlobalVar(BaseTest.java:61) Global variables are Initializing... 
com.create.testscript.CreateGroupRoleTest 2019-04-18 11:28:23,596 com.qa.dtac.base.BaseTest.initApplication(BaseTest.java:74)  browser chrome opening... 
com.create.testscript.CreateGroupRoleTest 2019-04-18 11:28:29,844 com.qa.dtac.base.BaseTest.preCondtion(BaseTest.java:98) url entered... 
com.create.testscript.CreateGroupRoleTest 2019-04-18 11:28:29,851 com.qa.dtac.base.BaseTest.preCondtion(BaseTest.java:112) started test executing : testgrouprole 
com.create.testscript.CreateGroupRoleTest 2019-04-18 11:28:37,940 com.qa.dtac.base.BaseTest.postCondition(BaseTest.java:135) Test is PASSED 
 
com.create.testscript.CreateGroupRoleTest 2019-04-18 11:28:37,944 com.qa.dtac.base.BaseTest.closeApplication(BaseTest.java:142) closing browser 
com.create.testscript.CreateGroupRoleTest 2019-04-18 11:28:38,168 com.qa.dtac.base.BaseTest.publishReport(BaseTest.java:148) publishing report ./report/18_04_2019_11_28_23.html 
com.create.testscript.CreateRoleTestscript 2019-04-18 11:28:51,102 com.qa.dtac.base.BaseTest.init(BaseTest.java:52) ExtentReport Initializing... 
com.create.testscript.CreateRoleTestscript 2019-04-18 11:28:51,362 com.qa.dtac.base.BaseTest.initGlobalVar(BaseTest.java:61) Global variables are Initializing... 
com.create.testscript.CreateRoleTestscript 2019-04-18 11:28:51,373 com.qa.dtac.base.BaseTest.initApplication(BaseTest.java:74)  browser chrome opening... 
com.create.testscript.CreateRoleTestscript 2019-04-18 11:28:57,339 com.qa.dtac.base.BaseTest.preCondtion(BaseTest.java:98) url entered... 
com.create.testscript.CreateRoleTestscript 2019-04-18 11:28:57,344 com.qa.dtac.base.BaseTest.preCondtion(BaseTest.java:112) started test executing : testRoleCreate 
com.create.testscript.CreateRoleTestscript 2019-04-18 11:29:05,909 com.qa.dtac.base.BaseTest.postCondition(BaseTest.java:129) Test is FAILED 
com.create.testscript.CreateRoleTestscript 2019-04-18 11:29:05,912 com.qa.dtac.base.BaseTest.closeApplication(BaseTest.java:142) closing browser 
com.create.testscript.CreateRoleTestscript 2019-04-18 11:29:08,060 com.qa.dtac.base.BaseTest.publishReport(BaseTest.java:148) publishing report ./report/18_04_2019_11_28_51.html 
SearchInternalUserWithBlank 2019-04-18 11:39:13,717 com.qa.dtac.base.BaseTest.init(BaseTest.java:52) ExtentReport Initializing... 
SearchInternalUserWithBlank 2019-04-18 11:39:13,983 com.qa.dtac.base.BaseTest.initGlobalVar(BaseTest.java:61) Global variables are Initializing... 
SearchInternalUserWithBlank 2019-04-18 11:39:13,991 com.qa.dtac.base.BaseTest.initApplication(BaseTest.java:74)  browser chrome opening... 
SearchInternalUserWithBlank 2019-04-18 11:39:22,262 com.qa.dtac.base.BaseTest.preCondtion(BaseTest.java:98) url entered... 
SearchInternalUserWithBlank 2019-04-18 11:39:22,267 com.qa.dtac.base.BaseTest.preCondtion(BaseTest.java:112) started test executing : testSearchInternalUserWithBlank 
SearchInternalUserWithBlank 2019-04-18 11:39:39,234 com.qa.dtac.base.BaseTest.postCondition(BaseTest.java:129) Test is FAILED 
SearchInternalUserWithBlank 2019-04-18 11:39:39,238 com.qa.dtac.base.BaseTest.closeApplication(BaseTest.java:142) closing browser 
SearchInternalUserWithBlank 2019-04-18 11:40:16,941 com.qa.dtac.base.BaseTest.init(BaseTest.java:52) ExtentReport Initializing... 
SearchInternalUserWithBlank 2019-04-18 11:40:17,262 com.qa.dtac.base.BaseTest.initGlobalVar(BaseTest.java:61) Global variables are Initializing... 
SearchInternalUserWithBlank 2019-04-18 11:40:17,271 com.qa.dtac.base.BaseTest.initApplication(BaseTest.java:74)  browser chrome opening... 
SearchInternalUserWithBlank 2019-04-18 11:40:23,318 com.qa.dtac.base.BaseTest.preCondtion(BaseTest.java:98) url entered... 
SearchInternalUserWithBlank 2019-04-18 11:40:23,323 com.qa.dtac.base.BaseTest.preCondtion(BaseTest.java:112) started test executing : testSearchInternalUserWithBlank 
SearchInternalUserWithBlank 2019-04-18 11:40:36,170 com.qa.dtac.base.BaseTest.postCondition(BaseTest.java:135) Test is PASSED 
 
SearchInternalUserWithBlank 2019-04-18 11:40:36,172 com.qa.dtac.base.BaseTest.closeApplication(BaseTest.java:142) closing browser 
SearchInternalUserWithBlank 2019-04-18 11:40:36,438 com.qa.dtac.base.BaseTest.publishReport(BaseTest.java:148) publishing report ./report/18_04_2019_11_40_16.html 
SearchInternalUserWithLoginID 2019-04-18 11:47:54,171 com.qa.dtac.base.BaseTest.init(BaseTest.java:52) ExtentReport Initializing... 
SearchInternalUserWithLoginID 2019-04-18 11:47:54,459 com.qa.dtac.base.BaseTest.initGlobalVar(BaseTest.java:61) Global variables are Initializing... 
SearchInternalUserWithLoginID 2019-04-18 11:47:54,469 com.qa.dtac.base.BaseTest.initApplication(BaseTest.java:74)  browser chrome opening... 
SearchInternalUserWithLoginID 2019-04-18 11:48:01,626 com.qa.dtac.base.BaseTest.preCondtion(BaseTest.java:98) url entered... 
SearchInternalUserWithLoginID 2019-04-18 11:48:01,632 com.qa.dtac.base.BaseTest.preCondtion(BaseTest.java:112) started test executing : testSearchInternalUserWithBlank 
SearchInternalUserWithLoginID 2019-04-18 11:48:06,969 com.qa.dtac.base.BaseTest.postCondition(BaseTest.java:129) Test is FAILED 
SearchInternalUserWithLoginID 2019-04-18 11:48:06,972 com.qa.dtac.base.BaseTest.closeApplication(BaseTest.java:142) closing browser 
SearchInternalUserWithLoginID 2019-04-18 11:48:40,912 com.qa.dtac.base.BaseTest.init(BaseTest.java:52) ExtentReport Initializing... 
SearchInternalUserWithLoginID 2019-04-18 11:48:41,181 com.qa.dtac.base.BaseTest.initGlobalVar(BaseTest.java:61) Global variables are Initializing... 
SearchInternalUserWithLoginID 2019-04-18 11:48:41,189 com.qa.dtac.base.BaseTest.initApplication(BaseTest.java:74)  browser chrome opening... 
SearchInternalUserWithLoginID 2019-04-18 11:48:49,274 com.qa.dtac.base.BaseTest.preCondtion(BaseTest.java:98) url entered... 
SearchInternalUserWithLoginID 2019-04-18 11:48:49,279 com.qa.dtac.base.BaseTest.preCondtion(BaseTest.java:112) started test executing : testSearchInternalUserWithBlank 
SearchInternalUserWithLoginID 2019-04-18 11:48:50,525 com.qa.dtac.base.BaseTest.postCondition(BaseTest.java:129) Test is FAILED 
SearchInternalUserWithLoginID 2019-04-18 11:48:50,528 com.qa.dtac.base.BaseTest.closeApplication(BaseTest.java:142) closing browser 
SearchBlankFirstname 2019-04-18 12:38:03,501 com.qa.dtac.base.BaseTest.init(BaseTest.java:52) ExtentReport Initializing... 
SearchBlankFirstname 2019-04-18 12:38:03,790 com.qa.dtac.base.BaseTest.initGlobalVar(BaseTest.java:61) Global variables are Initializing... 
SearchBlankFirstname 2019-04-18 12:38:03,798 com.qa.dtac.base.BaseTest.initApplication(BaseTest.java:74)  browser chrome opening... 
SearchBlankFirstname 2019-04-18 12:38:09,556 com.qa.dtac.base.BaseTest.preCondtion(BaseTest.java:98) url entered... 
SearchBlankFirstname 2019-04-18 12:38:09,561 com.qa.dtac.base.BaseTest.preCondtion(BaseTest.java:112) started test executing : testSearch 
SearchBlankFirstname 2019-04-18 12:38:34,710 com.qa.dtac.base.BaseTest.init(BaseTest.java:52) ExtentReport Initializing... 
SearchBlankFirstname 2019-04-18 12:38:35,016 com.qa.dtac.base.BaseTest.initGlobalVar(BaseTest.java:61) Global variables are Initializing... 
SearchBlankFirstname 2019-04-18 12:38:35,024 com.qa.dtac.base.BaseTest.initApplication(BaseTest.java:74)  browser chrome opening... 
SearchBlankFirstname 2019-04-18 12:38:41,027 com.qa.dtac.base.BaseTest.preCondtion(BaseTest.java:98) url entered... 
SearchBlankFirstname 2019-04-18 12:38:41,032 com.qa.dtac.base.BaseTest.preCondtion(BaseTest.java:112) started test executing : testSearch 
SearchBlankFirstname 2019-04-18 12:38:55,201 com.qa.dtac.base.BaseTest.postCondition(BaseTest.java:129) Test is FAILED 
SearchBlankFirstname 2019-04-18 12:38:55,204 com.qa.dtac.base.BaseTest.closeApplication(BaseTest.java:142) closing browser 
SearchBlankFirstname 2019-04-18 12:38:55,552 com.qa.dtac.base.BaseTest.publishReport(BaseTest.java:148) publishing report ./report/18_04_2019_12_38_03.html 
SearchBlankFirstname 2019-04-18 12:39:21,565 com.qa.dtac.base.BaseTest.postCondition(BaseTest.java:135) Test is PASSED 
 
SearchBlankFirstname 2019-04-18 12:39:21,568 com.qa.dtac.base.BaseTest.closeApplication(BaseTest.java:142) closing browser 
SearchBlankFirstname 2019-04-18 12:39:23,712 com.qa.dtac.base.BaseTest.publishReport(BaseTest.java:148) publishing report ./report/18_04_2019_12_38_34.html 
SearchBlankFirstname 2019-04-18 12:53:16,492 com.qa.dtac.base.BaseTest.init(BaseTest.java:52) ExtentReport Initializing... 
SearchBlankFirstname 2019-04-18 12:53:16,771 com.qa.dtac.base.BaseTest.initGlobalVar(BaseTest.java:61) Global variables are Initializing... 
SearchBlankFirstname 2019-04-18 12:53:16,781 com.qa.dtac.base.BaseTest.initApplication(BaseTest.java:74)  browser chrome opening... 
SearchBlankFirstname 2019-04-18 12:53:24,945 com.qa.dtac.base.BaseTest.preCondtion(BaseTest.java:98) url entered... 
SearchBlankFirstname 2019-04-18 12:53:24,949 com.qa.dtac.base.BaseTest.preCondtion(BaseTest.java:112) started test executing : testSearch 
SearchBlankFirstname 2019-04-18 12:53:52,104 com.qa.dtac.base.BaseTest.postCondition(BaseTest.java:129) Test is FAILED 
SearchBlankFirstname 2019-04-18 12:53:52,108 com.qa.dtac.base.BaseTest.closeApplication(BaseTest.java:142) closing browser 
com.qa.datc.testscript.CreateRoleTestscript 2019-04-18 12:53:53,762 com.qa.dtac.base.BaseTest.init(BaseTest.java:52) ExtentReport Initializing... 
com.qa.datc.testscript.CreateRoleTestscript 2019-04-18 12:53:54,069 com.qa.dtac.base.BaseTest.initGlobalVar(BaseTest.java:61) Global variables are Initializing... 
com.qa.datc.testscript.CreateRoleTestscript 2019-04-18 12:53:54,080 com.qa.dtac.base.BaseTest.initApplication(BaseTest.java:74)  browser chrome opening... 
com.qa.datc.testscript.CreateRoleTestscript 2019-04-18 12:53:59,803 com.qa.dtac.base.BaseTest.preCondtion(BaseTest.java:98) url entered... 
com.qa.datc.testscript.CreateRoleTestscript 2019-04-18 12:53:59,809 com.qa.dtac.base.BaseTest.preCondtion(BaseTest.java:112) started test executing : testRoleCreate 
com.qa.datc.testscript.CreateRoleTestscript 2019-04-18 12:54:08,205 com.qa.dtac.base.BaseTest.postCondition(BaseTest.java:129) Test is FAILED 
com.qa.datc.testscript.CreateRoleTestscript 2019-04-18 12:54:08,208 com.qa.dtac.base.BaseTest.closeApplication(BaseTest.java:142) closing browser 
com.qa.datc.testscript.CreateRoleTestscript 2019-04-18 12:54:08,447 com.qa.dtac.base.BaseTest.publishReport(BaseTest.java:148) publishing report ./report/18_04_2019_12_53_53.html 
SearchInternalUserWithBlank 2019-04-18 14:37:10,702 com.qa.dtac.base.BaseTest.init(BaseTest.java:52) ExtentReport Initializing... 
SearchInternalUserWithBlank 2019-04-18 14:37:11,026 com.qa.dtac.base.BaseTest.initGlobalVar(BaseTest.java:61) Global variables are Initializing... 
SearchInternalUserWithBlank 2019-04-18 14:37:11,034 com.qa.dtac.base.BaseTest.initApplication(BaseTest.java:74)  browser chrome opening... 
SearchInternalUserWithBlank 2019-04-18 14:37:19,400 com.qa.dtac.base.BaseTest.preCondtion(BaseTest.java:98) url entered... 
SearchInternalUserWithBlank 2019-04-18 14:37:19,405 com.qa.dtac.base.BaseTest.preCondtion(BaseTest.java:112) started test executing : testSearchInternalUserWithBlank 
SearchInternalUserWithBlank 2019-04-18 14:37:32,336 com.qa.dtac.base.BaseTest.postCondition(BaseTest.java:135) Test is PASSED 
 
SearchInternalUserWithBlank 2019-04-18 14:37:32,338 com.qa.dtac.base.BaseTest.closeApplication(BaseTest.java:142) closing browser 
SearchInternalUserWithBlank 2019-04-18 14:37:34,583 com.qa.dtac.base.BaseTest.publishReport(BaseTest.java:148) publishing report ./report/18_04_2019_02_37_10.html 
com.createinternaluser.CreateInternalUserWith_blank 2019-04-18 15:12:42,051 com.qa.dtac.base.BaseTest.init(BaseTest.java:52) ExtentReport Initializing... 
com.createinternaluser.CreateInternalUserWith_blank 2019-04-18 15:12:42,347 com.qa.dtac.base.BaseTest.initGlobalVar(BaseTest.java:61) Global variables are Initializing... 
com.createinternaluser.CreateInternalUserWith_blank 2019-04-18 15:12:42,357 com.qa.dtac.base.BaseTest.initApplication(BaseTest.java:74)  browser chrome opening... 
com.createinternaluser.CreateInternalUserWith_blank 2019-04-18 15:12:49,600 com.qa.dtac.base.BaseTest.preCondtion(BaseTest.java:98) url entered... 
com.createinternaluser.CreateInternalUserWith_blank 2019-04-18 15:12:49,606 com.qa.dtac.base.BaseTest.preCondtion(BaseTest.java:112) started test executing : testCreateInternalUserWith_blank 
com.createinternaluser.CreateInternalUserWith_blank 2019-04-18 15:13:20,500 com.qa.dtac.base.BaseTest.postCondition(BaseTest.java:129) Test is FAILED 
com.createinternaluser.CreateInternalUserWith_blank 2019-04-18 15:13:20,502 com.qa.dtac.base.BaseTest.closeApplication(BaseTest.java:142) closing browser 
com.createinternaluser.CreateInternalUserWith_blank 2019-04-18 15:13:20,798 com.qa.dtac.base.BaseTest.publishReport(BaseTest.java:148) publishing report ./report/18_04_2019_03_12_42.html 
com.createinternaluser.CreateInternalUserWith_blank 2019-04-18 15:13:57,473 com.qa.dtac.base.BaseTest.init(BaseTest.java:52) ExtentReport Initializing... 
com.createinternaluser.CreateInternalUserWith_blank 2019-04-18 15:13:57,788 com.qa.dtac.base.BaseTest.initGlobalVar(BaseTest.java:61) Global variables are Initializing... 
com.createinternaluser.CreateInternalUserWith_blank 2019-04-18 15:13:57,796 com.qa.dtac.base.BaseTest.initApplication(BaseTest.java:74)  browser chrome opening... 
com.createinternaluser.CreateInternalUserWith_blank 2019-04-18 15:14:03,774 com.qa.dtac.base.BaseTest.preCondtion(BaseTest.java:98) url entered... 
com.createinternaluser.CreateInternalUserWith_blank 2019-04-18 15:14:03,774 com.qa.dtac.base.BaseTest.preCondtion(BaseTest.java:101) Auto Login... 
com.createinternaluser.CreateInternalUserWith_blank 2019-04-18 15:14:04,136 com.qa.dtac.base.BaseTest.preCondtion(BaseTest.java:114) started test executing : testCreateInternalUserWith_blank 
com.createinternaluser.CreateInternalUserWith_blank 2019-04-18 15:14:05,544 com.qa.dtac.base.BaseTest.postCondition(BaseTest.java:137) Test is PASSED 
 
com.createinternaluser.CreateInternalUserWith_blank 2019-04-18 15:14:05,547 com.qa.dtac.base.BaseTest.closeApplication(BaseTest.java:144) closing browser 
com.createinternaluser.CreateInternalUserWith_blank 2019-04-18 15:14:07,719 com.qa.dtac.base.BaseTest.publishReport(BaseTest.java:150) publishing report ./report/18_04_2019_03_13_57.html 
com.createinternaluser.CreateInternalUserWith_InvalidData 2019-04-18 15:14:25,828 com.qa.dtac.base.BaseTest.init(BaseTest.java:52) ExtentReport Initializing... 
com.createinternaluser.CreateInternalUserWith_InvalidData 2019-04-18 15:14:26,122 com.qa.dtac.base.BaseTest.initGlobalVar(BaseTest.java:61) Global variables are Initializing... 
com.createinternaluser.CreateInternalUserWith_InvalidData 2019-04-18 15:14:26,132 com.qa.dtac.base.BaseTest.initApplication(BaseTest.java:74)  browser chrome opening... 
com.createinternaluser.CreateInternalUserWith_InvalidData 2019-04-18 15:14:32,508 com.qa.dtac.base.BaseTest.preCondtion(BaseTest.java:98) url entered... 
com.createinternaluser.CreateInternalUserWith_InvalidData 2019-04-18 15:14:32,509 com.qa.dtac.base.BaseTest.preCondtion(BaseTest.java:101) Auto Login... 
com.createinternaluser.CreateInternalUserWith_InvalidData 2019-04-18 15:14:32,855 com.qa.dtac.base.BaseTest.preCondtion(BaseTest.java:114) started test executing : testCreateInternalUserWith_InvalidData 
com.createinternaluser.CreateInternalUserWith_InvalidData 2019-04-18 15:15:07,053 com.qa.dtac.base.BaseTest.postCondition(BaseTest.java:131) Test is FAILED 
com.createinternaluser.CreateInternalUserWith_InvalidData 2019-04-18 15:15:07,056 com.qa.dtac.base.BaseTest.closeApplication(BaseTest.java:144) closing browser 
com.createinternaluser.CreateInternalUserWith_InvalidData 2019-04-18 15:15:09,166 com.qa.dtac.base.BaseTest.publishReport(BaseTest.java:150) publishing report ./report/18_04_2019_03_14_25.html 
com.createinternaluser.CreateInternalUserWith_InvalidData 2019-04-18 15:15:23,424 com.qa.dtac.base.BaseTest.init(BaseTest.java:52) ExtentReport Initializing... 
com.createinternaluser.CreateInternalUserWith_InvalidData 2019-04-18 15:15:23,742 com.qa.dtac.base.BaseTest.initGlobalVar(BaseTest.java:61) Global variables are Initializing... 
com.createinternaluser.CreateInternalUserWith_InvalidData 2019-04-18 15:15:23,752 com.qa.dtac.base.BaseTest.initApplication(BaseTest.java:74)  browser chrome opening... 
com.createinternaluser.CreateInternalUserWith_InvalidData 2019-04-18 15:15:29,831 com.qa.dtac.base.BaseTest.preCondtion(BaseTest.java:98) url entered... 
com.createinternaluser.CreateInternalUserWith_InvalidData 2019-04-18 15:15:29,832 com.qa.dtac.base.BaseTest.preCondtion(BaseTest.java:101) Auto Login... 
com.createinternaluser.CreateInternalUserWith_InvalidData 2019-04-18 15:15:30,212 com.qa.dtac.base.BaseTest.preCondtion(BaseTest.java:114) started test executing : testCreateInternalUserWith_InvalidData 
com.createinternaluser.CreateInternalUserWith_InvalidData 2019-04-18 15:16:04,575 com.qa.dtac.base.BaseTest.postCondition(BaseTest.java:131) Test is FAILED 
com.createinternaluser.CreateInternalUserWith_InvalidData 2019-04-18 15:16:04,578 com.qa.dtac.base.BaseTest.closeApplication(BaseTest.java:144) closing browser 
com.createinternaluser.CreateInternalUserWith_InvalidData 2019-04-18 15:16:06,727 com.qa.dtac.base.BaseTest.publishReport(BaseTest.java:150) publishing report ./report/18_04_2019_03_15_23.html 
com.createinternaluser.CreateInternalUserWith_InvalidData 2019-04-18 15:17:49,674 com.qa.dtac.base.BaseTest.init(BaseTest.java:52) ExtentReport Initializing... 
com.createinternaluser.CreateInternalUserWith_InvalidData 2019-04-18 15:17:49,979 com.qa.dtac.base.BaseTest.initGlobalVar(BaseTest.java:61) Global variables are Initializing... 
com.createinternaluser.CreateInternalUserWith_InvalidData 2019-04-18 15:17:49,990 com.qa.dtac.base.BaseTest.initApplication(BaseTest.java:74)  browser chrome opening... 
com.createinternaluser.CreateInternalUserWith_InvalidData 2019-04-18 15:17:57,292 com.qa.dtac.base.BaseTest.preCondtion(BaseTest.java:98) url entered... 
com.createinternaluser.CreateInternalUserWith_InvalidData 2019-04-18 15:17:57,292 com.qa.dtac.base.BaseTest.preCondtion(BaseTest.java:101) Auto Login... 
com.createinternaluser.CreateInternalUserWith_InvalidData 2019-04-18 15:17:57,657 com.qa.dtac.base.BaseTest.preCondtion(BaseTest.java:114) started test executing : testCreateInternalUserWith_InvalidData 
com.createinternaluser.CreateInternalUserWith_InvalidData 2019-04-18 15:18:10,325 com.qa.dtac.base.BaseTest.postCondition(BaseTest.java:137) Test is PASSED 
 
com.createinternaluser.CreateInternalUserWith_InvalidData 2019-04-18 15:18:10,328 com.qa.dtac.base.BaseTest.closeApplication(BaseTest.java:144) closing browser 
com.createinternaluser.CreateInternalUserWith_InvalidData 2019-04-18 15:18:12,570 com.qa.dtac.base.BaseTest.publishReport(BaseTest.java:150) publishing report ./report/18_04_2019_03_17_49.html 
com.createinternaluser.CreateInternalUserWithSpc_Char 2019-04-18 15:18:20,503 com.qa.dtac.base.BaseTest.init(BaseTest.java:52) ExtentReport Initializing... 
com.createinternaluser.CreateInternalUserWithSpc_Char 2019-04-18 15:18:20,835 com.qa.dtac.base.BaseTest.initGlobalVar(BaseTest.java:61) Global variables are Initializing... 
com.createinternaluser.CreateInternalUserWithSpc_Char 2019-04-18 15:18:20,848 com.qa.dtac.base.BaseTest.initApplication(BaseTest.java:74)  browser chrome opening... 
com.createinternaluser.CreateInternalUserWithSpc_Char 2019-04-18 15:18:27,865 com.qa.dtac.base.BaseTest.preCondtion(BaseTest.java:98) url entered... 
com.createinternaluser.CreateInternalUserWithSpc_Char 2019-04-18 15:18:27,865 com.qa.dtac.base.BaseTest.preCondtion(BaseTest.java:101) Auto Login... 
com.createinternaluser.CreateInternalUserWithSpc_Char 2019-04-18 15:18:28,251 com.qa.dtac.base.BaseTest.preCondtion(BaseTest.java:114) started test executing : testCreateInternalUserWithSpc_Char 
com.createinternaluser.CreateInternalUserWithSpc_Char 2019-04-18 15:18:41,440 com.qa.dtac.base.BaseTest.postCondition(BaseTest.java:137) Test is PASSED 
 
com.createinternaluser.CreateInternalUserWithSpc_Char 2019-04-18 15:18:41,443 com.qa.dtac.base.BaseTest.closeApplication(BaseTest.java:144) closing browser 
com.createinternaluser.CreateInternalUserWithSpc_Char 2019-04-18 15:18:41,670 com.qa.dtac.base.BaseTest.publishReport(BaseTest.java:150) publishing report ./report/18_04_2019_03_18_20.html 
com.createinternaluser.CreateInternalUserWithValidData 2019-04-18 15:18:54,122 com.qa.dtac.base.BaseTest.init(BaseTest.java:52) ExtentReport Initializing... 
com.createinternaluser.CreateInternalUserWithValidData 2019-04-18 15:18:54,440 com.qa.dtac.base.BaseTest.initGlobalVar(BaseTest.java:61) Global variables are Initializing... 
com.createinternaluser.CreateInternalUserWithValidData 2019-04-18 15:18:54,451 com.qa.dtac.base.BaseTest.initApplication(BaseTest.java:74)  browser chrome opening... 
com.createinternaluser.CreateInternalUserWithValidData 2019-04-18 15:19:01,031 com.qa.dtac.base.BaseTest.preCondtion(BaseTest.java:98) url entered... 
com.createinternaluser.CreateInternalUserWithValidData 2019-04-18 15:19:01,031 com.qa.dtac.base.BaseTest.preCondtion(BaseTest.java:101) Auto Login... 
com.createinternaluser.CreateInternalUserWithValidData 2019-04-18 15:19:01,406 com.qa.dtac.base.BaseTest.preCondtion(BaseTest.java:114) started test executing : testCreateInternalUserWithValidData 
com.createinternaluser.CreateInternalUserWithValidData 2019-04-18 15:19:19,235 com.qa.dtac.base.BaseTest.postCondition(BaseTest.java:137) Test is PASSED 
 
com.createinternaluser.CreateInternalUserWithValidData 2019-04-18 15:19:19,239 com.qa.dtac.base.BaseTest.closeApplication(BaseTest.java:144) closing browser 
com.createinternaluser.CreateInternalUserWithValidData 2019-04-18 15:19:19,494 com.qa.dtac.base.BaseTest.publishReport(BaseTest.java:150) publishing report ./report/18_04_2019_03_18_54.html 
